<?xml version="1.0" encoding="UTF-8"?>
<!-- Generated by org.testng.reporters.JUnitXMLReporter -->
<testsuite ignored="0" hostname="CHANDRU" failures="2" tests="3" name="Test" time="85.241" errors="0" timestamp="2025-04-08T06:57:15 IST">
  <testcase classname="io.cucumber.testng.AbstractTestNGCucumberTests" name="runScenario" time="26.095">
    <failure type="java.lang.IllegalArgumentException" message="Keys to send should be a not null CharSequence">
      <![CDATA[java.lang.IllegalArgumentException: Keys to send should be a not null CharSequence
at org.openqa.selenium.remote.RemoteWebElement.sendKeys(RemoteWebElement.java:96)
at org.openqa.selenium.support.pagefactory.internal.LocatingElementHandler.invoke(LocatingElementHandler.java:51)
at jdk.proxy2/jdk.proxy2.$Proxy42.sendKeys(Unknown Source)
at com.Actions.LoginPageActions.setEmail(LoginPageActions.java:26)
at com.Actions.LoginPageActions.loginCredentials(LoginPageActions.java:74)
at com.StepDefinitions.LoginPageDefinition.the_user_provides_email_and_password(LoginPageDefinition.java:43)
at ✽.the User provides email and password(file:///C:/Users/drcha/git/CucumberMavenPOM/CucumberWebShop/src/test/resources/features/Login.feature:11)
... Removed 2 stack frames]]>
    </failure>
  </testcase> <!-- runScenario -->
  <testcase classname="io.cucumber.testng.AbstractTestNGCucumberTests" name="runScenario" time="27.64"/>
  <testcase classname="io.cucumber.testng.AbstractTestNGCucumberTests" name="runScenario" time="26.227">
    <failure type="java.lang.IllegalArgumentException" message="Keys to send should be a not null CharSequence">
      <![CDATA[java.lang.IllegalArgumentException: Keys to send should be a not null CharSequence
at org.openqa.selenium.remote.RemoteWebElement.sendKeys(RemoteWebElement.java:96)
at org.openqa.selenium.support.pagefactory.internal.LocatingElementHandler.invoke(LocatingElementHandler.java:51)
at jdk.proxy2/jdk.proxy2.$Proxy42.sendKeys(Unknown Source)
at com.Actions.LoginPageActions.setEmail(LoginPageActions.java:26)
at com.Actions.LoginPageActions.loginCredentials(LoginPageActions.java:74)
at com.StepDefinitions.LoginPageDefinition.the_user_provides_email_and_password(LoginPageDefinition.java:43)
at ✽.the User provides email and password(file:///C:/Users/drcha/git/CucumberMavenPOM/CucumberWebShop/src/test/resources/features/OrderAndCheckout.feature:7)
... Removed 2 stack frames]]>
    </failure>
  </testcase> <!-- runScenario -->
</testsuite> <!-- Test -->
